<?xml version="1.0" encoding="UTF-8"?>
<testsuite name="com.lat.test.RunBolWebGuiSuite" time="54.216" tests="1" errors="0" skipped="0" failures="1">
  <properties>
[...]
</properties>
  <testcase name="feature" classname="com.lat.test.RunBolWebGuiSuite" time="54.216">
    <failure message="java.lang.AssertionError: expected [20,95] but found [40,95]" type="cucumber.runtime.CucumberException">cucumber.runtime.CucumberException: java.lang.AssertionError: expected [20,95] but found [40,95]
	at cucumber.api.testng.TestNGCucumberRunner.runCucumber(TestNGCucumberRunner.java:69)
	at cucumber.api.testng.AbstractTestNGCucumberTests.feature(AbstractTestNGCucumberTests.java:21)
	at sun.reflect.NativeMethodAccessorImpl.invoke0(Native Method)
	at sun.reflect.NativeMethodAccessorImpl.invoke(NativeMethodAccessorImpl.java:62)
	at sun.reflect.DelegatingMethodAccessorImpl.invoke(DelegatingMethodAccessorImpl.java:43)
	at java.lang.reflect.Method.invoke(Method.java:498)
	at org.testng.internal.MethodInvocationHelper.invokeMethod(MethodInvocationHelper.java:86)
	at org.testng.internal.Invoker.invokeMethod(Invoker.java:643)
	at org.testng.internal.Invoker.invokeTestMethod(Invoker.java:820)
	at org.testng.internal.Invoker.invokeTestMethods(Invoker.java:1128)
	at org.testng.internal.TestMethodWorker.invokeTestMethods(TestMethodWorker.java:129)
	at org.testng.internal.TestMethodWorker.run(TestMethodWorker.java:112)
	at org.testng.TestRunner.privateRun(TestRunner.java:782)
	at org.testng.TestRunner.run(TestRunner.java:632)
	at org.testng.SuiteRunner.runTest(SuiteRunner.java:366)
	at org.testng.SuiteRunner.runSequentially(SuiteRunner.java:361)
	at org.testng.SuiteRunner.privateRun(SuiteRunner.java:319)
	at org.testng.SuiteRunner.run(SuiteRunner.java:268)
	at org.testng.SuiteRunnerWorker.runSuite(SuiteRunnerWorker.java:52)
	at org.testng.SuiteRunnerWorker.run(SuiteRunnerWorker.java:86)
	at org.testng.TestNG.runSuitesSequentially(TestNG.java:1244)
	at org.testng.TestNG.runSuitesLocally(TestNG.java:1169)
	at org.testng.TestNG.run(TestNG.java:1064)
	at org.apache.maven.surefire.testng.TestNGExecutor.run(TestNGExecutor.java:115)
	at org.apache.maven.surefire.testng.TestNGDirectoryTestSuite.executeSingleClass(TestNGDirectoryTestSuite.java:128)
	at org.apache.maven.surefire.testng.TestNGDirectoryTestSuite.execute(TestNGDirectoryTestSuite.java:112)
	at org.apache.maven.surefire.testng.TestNGProvider.invoke(TestNGProvider.java:112)
	at org.apache.maven.surefire.booter.ForkedBooter.invokeProviderInSameClassLoader(ForkedBooter.java:200)
	at org.apache.maven.surefire.booter.ForkedBooter.runSuitesInProcess(ForkedBooter.java:153)
	at org.apache.maven.surefire.booter.ForkedBooter.main(ForkedBooter.java:103)
Caused by: java.lang.AssertionError: expected [20,95] but found [40,95]
	at org.testng.Assert.fail(Assert.java:94)
	at org.testng.Assert.failNotEquals(Assert.java:513)
	at org.testng.Assert.assertEqualsImpl(Assert.java:135)
	at org.testng.Assert.assertEquals(Assert.java:116)
	at org.testng.Assert.assertEquals(Assert.java:190)
	at org.testng.Assert.assertEquals(Assert.java:200)
	at com.lat.test.steps.pages.FreeShippingPages.verifyTotalPtoductPrice(FreeShippingPages.java:176)
	at com.lat.test.steps.gui.FreeShippingSteps.user_verify_total_on_cart_page(FreeShippingSteps.java:73)
	at ✽.And User verify total "shipping.charge.order.product-price-1" on cart page(freeShipping.feature:12)
</failure>
    <system-out><![CDATA[Configuring TestNG with: TestNG652Configurator
Feature: As a Customer I order product with price more than of 20 euro Then I expect free shipping for the product

  Scenario Outline: Verify shipping charges is free or not for the orderable product # freeShipping.feature:3
    Given customer is on bol.com page
    And customer verify language as "locale-language"
    And customer search for a product "<product-name>"
    And customer click on a search button
    And customer click on add to cart button
    When customer click on continueOrder button
    And customer update the product quantity to "<quantity>"
    Then customer verify shipping cost as "<freeShipping>" on cart page
    And User verify total "<price>" on cart page
    And User remove the product from the cart

    Examples: 
-- listing properties --
profile.path=/profiles/test/config_NL.properties
-- listing properties --
shipping.charge.order.product-quantity-5=1
shipping.charge.order.product-quantity-4=1
shipping.charge.order.product-quantity-3=1
shipping.charge.order.product-quantity-2=1
extent.report.config=/src/test/resources/config/extent-con...
shipping.charge.order.product-quantity-1=1
shipping.charge.order.product-name-5=Structuurjunkie 4 - Structuurjunkie p...
shipping.charge.order.product-name-4=Mascha Planner Business edition - Nie...
site.url=https://www.bol.com
shipping.charge.order.product-name-3=Tablet2you - Laptop sleeve - hoes - M...
shipping.charge.order.product-name-2=2.0 hi speed USB Card Reader
shipping.charge.order.product-freeShipping-5=NoGratis
shipping.charge.order.product-name-1=PrintAbout - Inktcartridge / Alternat...
shipping.charge.order.product-freeShipping-4=Gratis
shipping.charge.order.product-freeShipping-3=NoGratis
shipping.charge.order.product-freeShipping-2=NoGratis
shipping.charge.order.product-freeShipping-1=Gratis
shipping.charge.order.product-price-5=19,99
shipping.charge.order.product-price-4=20,00
shipping.charge.order.product-price-3=19,95
shipping.charge.order.product-price-2=20,00
shipping.charge.order.product-price-1=20,95
Scenario=Verify shipping charges is free or no...
locale-language=NL
browser.width=1366
browser.height=1024
browser=chrome
failure.screenshot.location=/target/extent-report/screenshot/
platform=win32
https://www.bol.com/nl/order/basket.html

  Scenario Outline: Verify shipping charges is free or not for the orderable product                  # freeShipping.feature:16
    Given customer is on bol.com page                                                                 # FreeShippingSteps.customer_is_on_bol_com_page()
    And customer verify language as "locale-language"                                                 # FreeShippingSteps.customer_verify_language_as(String)
    And customer search for a product "shipping.charge.order.product-name-1"                          # FreeShippingSteps.customer_search_for_a_product(String)
    And customer click on a search button                                                             # FreeShippingSteps.customer_click_on_a_search_button()
    And customer click on add to cart button                                                          # FreeShippingSteps.customer_click_on_add_to_cart_button()
    When customer click on continueOrder button                                                       # FreeShippingSteps.customer_click_on_continueOrder_button()
    And customer update the product quantity to "shipping.charge.order.product-quantity-1"            # FreeShippingSteps.customer_update_the_product_quantity_to(String)
    Then customer verify shipping cost as "shipping.charge.order.product-freeShipping-1" on cart page # FreeShippingSteps.customer_verify_shipping_cost_as_on_cart_page(String)
    And User verify total "shipping.charge.order.product-price-1" on cart page                        # FreeShippingSteps.user_verify_total_on_cart_page(String)
      java.lang.AssertionError: expected [20,95] but found [40,95]
      	at org.testng.Assert.fail(Assert.java:94)
      	at org.testng.Assert.failNotEquals(Assert.java:513)
      	at org.testng.Assert.assertEqualsImpl(Assert.java:135)
      	at org.testng.Assert.assertEquals(Assert.java:116)
      	at org.testng.Assert.assertEquals(Assert.java:190)
      	at org.testng.Assert.assertEquals(Assert.java:200)
      	at com.lat.test.steps.pages.FreeShippingPages.verifyTotalPtoductPrice(FreeShippingPages.java:176)
      	at com.lat.test.steps.gui.FreeShippingSteps.user_verify_total_on_cart_page(FreeShippingSteps.java:73)
      	at âœ½.And User verify total "shipping.charge.order.product-price-1" on cart page(freeShipping.feature:12)

    And User remove the product from the cart                                                         # FreeShippingSteps.user_remove_the_product_from_the_cart()

  Scenario Outline: Verify shipping charges is free or not for the orderable product                  # freeShipping.feature:17
    Given customer is on bol.com page                                                                 # FreeShippingSteps.customer_is_on_bol_com_page()
    And customer verify language as "locale-language"                                                 # FreeShippingSteps.customer_verify_language_as(String)
    And customer search for a product "shipping.charge.order.product-name-5"                          # FreeShippingSteps.customer_search_for_a_product(String)
    And customer click on a search button                                                             # FreeShippingSteps.customer_click_on_a_search_button()
    And customer click on add to cart button                                                          # FreeShippingSteps.customer_click_on_add_to_cart_button()
    When customer click on continueOrder button                                                       # FreeShippingSteps.customer_click_on_continueOrder_button()
    And customer update the product quantity to "shipping.charge.order.product-quantity-5"            # FreeShippingSteps.customer_update_the_product_quantity_to(String)
    Then customer verify shipping cost as "shipping.charge.order.product-freeShipping-5" on cart page # FreeShippingSteps.customer_verify_shipping_cost_as_on_cart_page(String)
    And User verify total "shipping.charge.order.product-price-5" on cart page                        # FreeShippingSteps.user_verify_total_on_cart_page(String)
    And User remove the product from the cart                                                         # FreeShippingSteps.user_remove_the_product_from_the_cart()
https://www.bol.com/nl/order/basket.html

  Scenario Outline: Verify shipping charges is free or not for the orderable product                  # freeShipping.feature:18
    Given customer is on bol.com page                                                                 # FreeShippingSteps.customer_is_on_bol_com_page()
    And customer verify language as "locale-language"                                                 # FreeShippingSteps.customer_verify_language_as(String)
    And customer search for a product "shipping.charge.order.product-name-2"                          # FreeShippingSteps.customer_search_for_a_product(String)
    And customer click on a search button                                                             # FreeShippingSteps.customer_click_on_a_search_button()
    And customer click on add to cart button                                                          # FreeShippingSteps.customer_click_on_add_to_cart_button()
    When customer click on continueOrder button                                                       # FreeShippingSteps.customer_click_on_continueOrder_button()
    And customer update the product quantity to "shipping.charge.order.product-quantity-2"            # FreeShippingSteps.customer_update_the_product_quantity_to(String)
    Then customer verify shipping cost as "shipping.charge.order.product-freeShipping-2" on cart page # FreeShippingSteps.customer_verify_shipping_cost_as_on_cart_page(String)
      java.lang.AssertionError: expected [NoGratis] but found [Gratis]
      	at org.testng.Assert.fail(Assert.java:94)
      	at org.testng.Assert.failNotEquals(Assert.java:513)
      	at org.testng.Assert.assertEqualsImpl(Assert.java:135)
      	at org.testng.Assert.assertEquals(Assert.java:116)
      	at org.testng.Assert.assertEquals(Assert.java:190)
      	at org.testng.Assert.assertEquals(Assert.java:200)
      	at com.lat.test.steps.pages.FreeShippingPages.verifyShippingCost(FreeShippingPages.java:155)
      	at com.lat.test.steps.gui.FreeShippingSteps.customer_verify_shipping_cost_as_on_cart_page(FreeShippingSteps.java:67)
      	at âœ½.Then customer verify shipping cost as "shipping.charge.order.product-freeShipping-2" on cart page(freeShipping.feature:11)

    And User verify total "shipping.charge.order.product-price-2" on cart page                        # FreeShippingSteps.user_verify_total_on_cart_page(String)
    And User remove the product from the cart                                                         # FreeShippingSteps.user_remove_the_product_from_the_cart()
https://www.bol.com/nl/order/basket.html

  Scenario Outline: Verify shipping charges is free or not for the orderable product                  # freeShipping.feature:19
    Given customer is on bol.com page                                                                 # FreeShippingSteps.customer_is_on_bol_com_page()
    And customer verify language as "locale-language"                                                 # FreeShippingSteps.customer_verify_language_as(String)
    And customer search for a product "shipping.charge.order.product-name-3"                          # FreeShippingSteps.customer_search_for_a_product(String)
    And customer click on a search button                                                             # FreeShippingSteps.customer_click_on_a_search_button()
    And customer click on add to cart button                                                          # FreeShippingSteps.customer_click_on_add_to_cart_button()
    When customer click on continueOrder button                                                       # FreeShippingSteps.customer_click_on_continueOrder_button()
    And customer update the product quantity to "shipping.charge.order.product-quantity-3"            # FreeShippingSteps.customer_update_the_product_quantity_to(String)
    Then customer verify shipping cost as "shipping.charge.order.product-freeShipping-3" on cart page # FreeShippingSteps.customer_verify_shipping_cost_as_on_cart_page(String)
      java.lang.AssertionError: expected [NoGratis] but found [Gratis]
      	at org.testng.Assert.fail(Assert.java:94)
      	at org.testng.Assert.failNotEquals(Assert.java:513)
      	at org.testng.Assert.assertEqualsImpl(Assert.java:135)
      	at org.testng.Assert.assertEquals(Assert.java:116)
      	at org.testng.Assert.assertEquals(Assert.java:190)
      	at org.testng.Assert.assertEquals(Assert.java:200)
      	at com.lat.test.steps.pages.FreeShippingPages.verifyShippingCost(FreeShippingPages.java:155)
      	at com.lat.test.steps.gui.FreeShippingSteps.customer_verify_shipping_cost_as_on_cart_page(FreeShippingSteps.java:67)
      	at âœ½.Then customer verify shipping cost as "shipping.charge.order.product-freeShipping-3" on cart page(freeShipping.feature:11)

    And User verify total "shipping.charge.order.product-price-3" on cart page                        # FreeShippingSteps.user_verify_total_on_cart_page(String)
    And User remove the product from the cart                                                         # FreeShippingSteps.user_remove_the_product_from_the_cart()

  Scenario Outline: Verify shipping charges is free or not for the orderable product                  # freeShipping.feature:20
    Given customer is on bol.com page                                                                 # FreeShippingSteps.customer_is_on_bol_com_page()
    And customer verify language as "locale-language"                                                 # FreeShippingSteps.customer_verify_language_as(String)
    And customer search for a product "shipping.charge.order.product-name-4"                          # FreeShippingSteps.customer_search_for_a_product(String)
    And customer click on a search button                                                             # FreeShippingSteps.customer_click_on_a_search_button()
    And customer click on add to cart button                                                          # FreeShippingSteps.customer_click_on_add_to_cart_button()
    When customer click on continueOrder button                                                       # FreeShippingSteps.customer_click_on_continueOrder_button()
    And customer update the product quantity to "shipping.charge.order.product-quantity-4"            # FreeShippingSteps.customer_update_the_product_quantity_to(String)
    Then customer verify shipping cost as "shipping.charge.order.product-freeShipping-4" on cart page # FreeShippingSteps.customer_verify_shipping_cost_as_on_cart_page(String)
    And User verify total "shipping.charge.order.product-price-4" on cart page                        # FreeShippingSteps.user_verify_total_on_cart_page(String)
    And User remove the product from the cart                                                         # FreeShippingSteps.user_remove_the_product_from_the_cart()
]]></system-out>
    <system-err><![CDATA[Jul 07, 2019 3:14:15 PM org.openqa.selenium.remote.DesiredCapabilities chrome
INFO: Using `new ChromeOptions()` is preferred to `DesiredCapabilities.chrome()`
Starting ChromeDriver 74.0.3729.6 (255758eccf3d244491b8a1317aa76e1ce10d57e9-refs/branch-heads/3729@{#29}) on port 33393
Only local connections are allowed.
Please protect ports used by ChromeDriver and related test frameworks to prevent access by malicious code.
[1562505258.026][WARNING]: This version of ChromeDriver has not been tested with Chrome version 75.
Jul 07, 2019 3:14:19 PM org.openqa.selenium.remote.ProtocolHandshake createSession
INFO: Detected dialect: OSS
[main] INFO com.lat.test.steps.pages.FreeShippingPages -  [ ProductName is: PrintAbout - Inktcartridge / Alternatief voor de HP 301XL / Zwart ]
[main] INFO com.lat.test.steps.pages.FreeShippingPages - [ ActualShippingCost is: Gratis ]
[main] ERROR com.lat.test.steps.gui.BolTestHooks - [ Test execution failed for scenario: Verify shipping charges is free or not for the orderable product ]
[main] INFO com.lat.test.steps.pages.FreeShippingPages -  [ ProductName is: Structuurjunkie 4 - Structuurjunkie planner light - Poederroze ]
[main] INFO com.lat.test.steps.pages.FreeShippingPages - [ ActualShippingCost is: â‚¬ 2,99 ]
[main] INFO com.lat.test.steps.pages.FreeShippingPages -  [ ProductName is: 2.0 hi speed USB Card Reader ]
[main] INFO com.lat.test.steps.pages.FreeShippingPages - [ ActualShippingCost is: Gratis ]
[main] ERROR com.lat.test.steps.gui.BolTestHooks - [ Test execution failed for scenario: Verify shipping charges is free or not for the orderable product ]
[main] INFO com.lat.test.steps.pages.FreeShippingPages -  [ ProductName is: Tablet2you - Laptop sleeve - hoes - Macbook Pro 15.4 - Denim - Zwart ]
[main] INFO com.lat.test.steps.pages.FreeShippingPages - [ ActualShippingCost is: Gratis ]
[main] ERROR com.lat.test.steps.gui.BolTestHooks - [ Test execution failed for scenario: Verify shipping charges is free or not for the orderable product ]
[main] INFO com.lat.test.steps.pages.FreeShippingPages -  [ ProductName is: Mascha Planner Business edition - Nieuwste editie ]
[main] INFO com.lat.test.steps.pages.FreeShippingPages - [ ActualShippingCost is: Gratis ]
]]></system-err>
  </testcase>
</testsuite>